CRITICAL - 2023-05-20 04:23:44 --> include(layout/header): Failed to open stream: No such file or directory
in APPPATH/Views/admin/index.php on line 2.
 1 APPPATH/Views/admin/index.php(2): CodeIgniter\Debug\Exceptions->errorHandler()
 2 APPPATH/Views/admin/index.php(2): include()
 3 SYSTEMPATH/View/View.php(213): include('/home/hilman/Desktop/aksarinesia/app/Views/admin/index.php')
 4 SYSTEMPATH/View/View.php(216): CodeIgniter\View\View->CodeIgniter\View\{closure}()
 5 SYSTEMPATH/Common.php(1184): CodeIgniter\View\View->render()
 6 APPPATH/Controllers/Admin.php(8): view()
 7 SYSTEMPATH/CodeIgniter.php(934): App\Controllers\Admin->index()
 8 SYSTEMPATH/CodeIgniter.php(499): CodeIgniter\CodeIgniter->runController()
 9 SYSTEMPATH/CodeIgniter.php(368): CodeIgniter\CodeIgniter->handleRequest()
10 FCPATH/index.php(67): CodeIgniter\CodeIgniter->run()
11 SYSTEMPATH/Commands/Server/rewrite.php(47): require_once('/home/hilman/Desktop/aksarinesia/public/index.php')
CRITICAL - 2023-05-20 04:26:37 --> Invalid file: "layout/header.php"
in SYSTEMPATH/Exceptions/FrameworkException.php on line 33.
 1 SYSTEMPATH/View/View.php(201): CodeIgniter\Exceptions\FrameworkException::forInvalidFile()
 2 SYSTEMPATH/View/View.php(431): CodeIgniter\View\View->render()
 3 APPPATH/Views/admin/index.php(2): CodeIgniter\View\View->include()
 4 SYSTEMPATH/View/View.php(213): include('/home/hilman/Desktop/aksarinesia/app/Views/admin/index.php')
 5 SYSTEMPATH/View/View.php(216): CodeIgniter\View\View->CodeIgniter\View\{closure}()
 6 SYSTEMPATH/Common.php(1184): CodeIgniter\View\View->render()
 7 APPPATH/Controllers/Admin.php(8): view()
 8 SYSTEMPATH/CodeIgniter.php(934): App\Controllers\Admin->index()
 9 SYSTEMPATH/CodeIgniter.php(499): CodeIgniter\CodeIgniter->runController()
10 SYSTEMPATH/CodeIgniter.php(368): CodeIgniter\CodeIgniter->handleRequest()
11 FCPATH/index.php(67): CodeIgniter\CodeIgniter->run()
12 SYSTEMPATH/Commands/Server/rewrite.php(47): require_once('/home/hilman/Desktop/aksarinesia/public/index.php')
CRITICAL - 2023-05-20 04:26:57 --> Invalid file: "layout/header.php"
in SYSTEMPATH/Exceptions/FrameworkException.php on line 33.
 1 SYSTEMPATH/View/View.php(201): CodeIgniter\Exceptions\FrameworkException::forInvalidFile()
 2 SYSTEMPATH/View/View.php(431): CodeIgniter\View\View->render()
 3 APPPATH/Views/admin/index.php(2): CodeIgniter\View\View->include()
 4 SYSTEMPATH/View/View.php(213): include('/home/hilman/Desktop/aksarinesia/app/Views/admin/index.php')
 5 SYSTEMPATH/View/View.php(216): CodeIgniter\View\View->CodeIgniter\View\{closure}()
 6 SYSTEMPATH/Common.php(1184): CodeIgniter\View\View->render()
 7 APPPATH/Controllers/Admin.php(8): view()
 8 SYSTEMPATH/CodeIgniter.php(934): App\Controllers\Admin->index()
 9 SYSTEMPATH/CodeIgniter.php(499): CodeIgniter\CodeIgniter->runController()
10 SYSTEMPATH/CodeIgniter.php(368): CodeIgniter\CodeIgniter->handleRequest()
11 FCPATH/index.php(67): CodeIgniter\CodeIgniter->run()
12 SYSTEMPATH/Commands/Server/rewrite.php(47): require_once('/home/hilman/Desktop/aksarinesia/public/index.php')
CRITICAL - 2023-05-20 04:27:10 --> Invalid file: "layout/header.php"
in SYSTEMPATH/Exceptions/FrameworkException.php on line 33.
 1 SYSTEMPATH/View/View.php(201): CodeIgniter\Exceptions\FrameworkException::forInvalidFile()
 2 SYSTEMPATH/View/View.php(431): CodeIgniter\View\View->render()
 3 APPPATH/Views/admin/index.php(2): CodeIgniter\View\View->include()
 4 SYSTEMPATH/View/View.php(213): include('/home/hilman/Desktop/aksarinesia/app/Views/admin/index.php')
 5 SYSTEMPATH/View/View.php(216): CodeIgniter\View\View->CodeIgniter\View\{closure}()
 6 SYSTEMPATH/Common.php(1184): CodeIgniter\View\View->render()
 7 APPPATH/Controllers/Admin.php(8): view()
 8 SYSTEMPATH/CodeIgniter.php(934): App\Controllers\Admin->index()
 9 SYSTEMPATH/CodeIgniter.php(499): CodeIgniter\CodeIgniter->runController()
10 SYSTEMPATH/CodeIgniter.php(368): CodeIgniter\CodeIgniter->handleRequest()
11 FCPATH/index.php(67): CodeIgniter\CodeIgniter->run()
12 SYSTEMPATH/Commands/Server/rewrite.php(47): require_once('/home/hilman/Desktop/aksarinesia/public/index.php')
CRITICAL - 2023-05-20 04:27:22 --> Invalid file: "layout/footer.php"
in SYSTEMPATH/Exceptions/FrameworkException.php on line 33.
 1 SYSTEMPATH/View/View.php(201): CodeIgniter\Exceptions\FrameworkException::forInvalidFile()
 2 SYSTEMPATH/View/View.php(431): CodeIgniter\View\View->render()
 3 APPPATH/Views/admin/index.php(1690): CodeIgniter\View\View->include()
 4 SYSTEMPATH/View/View.php(213): include('/home/hilman/Desktop/aksarinesia/app/Views/admin/index.php')
 5 SYSTEMPATH/View/View.php(216): CodeIgniter\View\View->CodeIgniter\View\{closure}()
 6 SYSTEMPATH/Common.php(1184): CodeIgniter\View\View->render()
 7 APPPATH/Controllers/Admin.php(8): view()
 8 SYSTEMPATH/CodeIgniter.php(934): App\Controllers\Admin->index()
 9 SYSTEMPATH/CodeIgniter.php(499): CodeIgniter\CodeIgniter->runController()
10 SYSTEMPATH/CodeIgniter.php(368): CodeIgniter\CodeIgniter->handleRequest()
11 FCPATH/index.php(67): CodeIgniter\CodeIgniter->run()
12 SYSTEMPATH/Commands/Server/rewrite.php(47): require_once('/home/hilman/Desktop/aksarinesia/public/index.php')
CRITICAL - 2023-05-20 04:27:24 --> Invalid file: "layout/footer.php"
in SYSTEMPATH/Exceptions/FrameworkException.php on line 33.
 1 SYSTEMPATH/View/View.php(201): CodeIgniter\Exceptions\FrameworkException::forInvalidFile()
 2 SYSTEMPATH/View/View.php(431): CodeIgniter\View\View->render()
 3 APPPATH/Views/admin/index.php(1690): CodeIgniter\View\View->include()
 4 SYSTEMPATH/View/View.php(213): include('/home/hilman/Desktop/aksarinesia/app/Views/admin/index.php')
 5 SYSTEMPATH/View/View.php(216): CodeIgniter\View\View->CodeIgniter\View\{closure}()
 6 SYSTEMPATH/Common.php(1184): CodeIgniter\View\View->render()
 7 APPPATH/Controllers/Admin.php(8): view()
 8 SYSTEMPATH/CodeIgniter.php(934): App\Controllers\Admin->index()
 9 SYSTEMPATH/CodeIgniter.php(499): CodeIgniter\CodeIgniter->runController()
10 SYSTEMPATH/CodeIgniter.php(368): CodeIgniter\CodeIgniter->handleRequest()
11 FCPATH/index.php(67): CodeIgniter\CodeIgniter->run()
12 SYSTEMPATH/Commands/Server/rewrite.php(47): require_once('/home/hilman/Desktop/aksarinesia/public/index.php')
CRITICAL - 2023-05-20 04:27:25 --> Invalid file: "layout/footer.php"
in SYSTEMPATH/Exceptions/FrameworkException.php on line 33.
 1 SYSTEMPATH/View/View.php(201): CodeIgniter\Exceptions\FrameworkException::forInvalidFile()
 2 SYSTEMPATH/View/View.php(431): CodeIgniter\View\View->render()
 3 APPPATH/Views/admin/index.php(1690): CodeIgniter\View\View->include()
 4 SYSTEMPATH/View/View.php(213): include('/home/hilman/Desktop/aksarinesia/app/Views/admin/index.php')
 5 SYSTEMPATH/View/View.php(216): CodeIgniter\View\View->CodeIgniter\View\{closure}()
 6 SYSTEMPATH/Common.php(1184): CodeIgniter\View\View->render()
 7 APPPATH/Controllers/Admin.php(8): view()
 8 SYSTEMPATH/CodeIgniter.php(934): App\Controllers\Admin->index()
 9 SYSTEMPATH/CodeIgniter.php(499): CodeIgniter\CodeIgniter->runController()
10 SYSTEMPATH/CodeIgniter.php(368): CodeIgniter\CodeIgniter->handleRequest()
11 FCPATH/index.php(67): CodeIgniter\CodeIgniter->run()
12 SYSTEMPATH/Commands/Server/rewrite.php(47): require_once('/home/hilman/Desktop/aksarinesia/public/index.php')
CRITICAL - 2023-05-20 18:12:35 --> Invalid file: "admin/master_cloginlass.php"
in SYSTEMPATH/Exceptions/FrameworkException.php on line 33.
 1 SYSTEMPATH/View/View.php(201): CodeIgniter\Exceptions\FrameworkException::forInvalidFile()
 2 SYSTEMPATH/Common.php(1184): CodeIgniter\View\View->render()
 3 APPPATH/Controllers/Admin/Page.php(26): view()
 4 SYSTEMPATH/CodeIgniter.php(934): App\Controllers\Admin\Page->login()
 5 SYSTEMPATH/CodeIgniter.php(499): CodeIgniter\CodeIgniter->runController()
 6 SYSTEMPATH/CodeIgniter.php(368): CodeIgniter\CodeIgniter->handleRequest()
 7 FCPATH/index.php(67): CodeIgniter\CodeIgniter->run()
 8 SYSTEMPATH/Commands/Server/rewrite.php(47): require_once('/home/hilman/Desktop/aksarinesia/public/index.php')
CRITICAL - 2023-05-20 18:53:45 --> Invalid file: "user/layout/na.php"
in SYSTEMPATH/Exceptions/FrameworkException.php on line 33.
 1 SYSTEMPATH/View/View.php(201): CodeIgniter\Exceptions\FrameworkException::forInvalidFile()
 2 SYSTEMPATH/View/View.php(431): CodeIgniter\View\View->render()
 3 APPPATH/Views/user/index.php(5): CodeIgniter\View\View->include()
 4 SYSTEMPATH/View/View.php(213): include('/home/hilman/Desktop/aksarinesia/app/Views/user/index.php')
 5 SYSTEMPATH/View/View.php(216): CodeIgniter\View\View->CodeIgniter\View\{closure}()
 6 SYSTEMPATH/Common.php(1184): CodeIgniter\View\View->render()
 7 APPPATH/Controllers/User/Page.php(10): view()
 8 SYSTEMPATH/CodeIgniter.php(934): App\Controllers\User\Page->index()
 9 SYSTEMPATH/CodeIgniter.php(499): CodeIgniter\CodeIgniter->runController()
10 SYSTEMPATH/CodeIgniter.php(368): CodeIgniter\CodeIgniter->handleRequest()
11 FCPATH/index.php(67): CodeIgniter\CodeIgniter->run()
12 SYSTEMPATH/Commands/Server/rewrite.php(47): require_once('/home/hilman/Desktop/aksarinesia/public/index.php')
